ARM GAS  /tmp/ccZ3R2ay.s 			page 1


   1              		.cpu cortex-m3
   2              		.eabi_attribute 20, 1
   3              		.eabi_attribute 21, 1
   4              		.eabi_attribute 23, 3
   5              		.eabi_attribute 24, 1
   6              		.eabi_attribute 25, 1
   7              		.eabi_attribute 26, 1
   8              		.eabi_attribute 30, 1
   9              		.eabi_attribute 34, 1
  10              		.eabi_attribute 18, 4
  11              		.file	"gpio.c"
  12              		.text
  13              	.Ltext0:
  14              		.cfi_sections	.debug_frame
  15              		.section	.text.MX_GPIO_Init,"ax",%progbits
  16              		.align	1
  17              		.global	MX_GPIO_Init
  18              		.arch armv7-m
  19              		.syntax unified
  20              		.thumb
  21              		.thumb_func
  22              		.fpu softvfp
  24              	MX_GPIO_Init:
  25              	.LFB65:
  26              		.file 1 "Core/Src/gpio.c"
   1:Core/Src/gpio.c **** /* USER CODE BEGIN Header */
   2:Core/Src/gpio.c **** /**
   3:Core/Src/gpio.c ****   ******************************************************************************
   4:Core/Src/gpio.c ****   * @file    gpio.c
   5:Core/Src/gpio.c ****   * @brief   This file provides code for the configuration
   6:Core/Src/gpio.c ****   *          of all used GPIO pins.
   7:Core/Src/gpio.c ****   ******************************************************************************
   8:Core/Src/gpio.c ****   * @attention
   9:Core/Src/gpio.c ****   *
  10:Core/Src/gpio.c ****   * Copyright (c) 2023 STMicroelectronics.
  11:Core/Src/gpio.c ****   * All rights reserved.
  12:Core/Src/gpio.c ****   *
  13:Core/Src/gpio.c ****   * This software is licensed under terms that can be found in the LICENSE file
  14:Core/Src/gpio.c ****   * in the root directory of this software component.
  15:Core/Src/gpio.c ****   * If no LICENSE file comes with this software, it is provided AS-IS.
  16:Core/Src/gpio.c ****   *
  17:Core/Src/gpio.c ****   ******************************************************************************
  18:Core/Src/gpio.c ****   */
  19:Core/Src/gpio.c **** /* USER CODE END Header */
  20:Core/Src/gpio.c **** 
  21:Core/Src/gpio.c **** /* Includes ------------------------------------------------------------------*/
  22:Core/Src/gpio.c **** #include "gpio.h"
  23:Core/Src/gpio.c **** 
  24:Core/Src/gpio.c **** /* USER CODE BEGIN 0 */
  25:Core/Src/gpio.c **** 
  26:Core/Src/gpio.c **** /* USER CODE END 0 */
  27:Core/Src/gpio.c **** 
  28:Core/Src/gpio.c **** /*----------------------------------------------------------------------------*/
  29:Core/Src/gpio.c **** /* Configure GPIO                                                             */
  30:Core/Src/gpio.c **** /*----------------------------------------------------------------------------*/
  31:Core/Src/gpio.c **** /* USER CODE BEGIN 1 */
  32:Core/Src/gpio.c **** 
ARM GAS  /tmp/ccZ3R2ay.s 			page 2


  33:Core/Src/gpio.c **** /* USER CODE END 1 */
  34:Core/Src/gpio.c **** 
  35:Core/Src/gpio.c **** /** Configure pins as
  36:Core/Src/gpio.c ****         * Analog
  37:Core/Src/gpio.c ****         * Input
  38:Core/Src/gpio.c ****         * Output
  39:Core/Src/gpio.c ****         * EVENT_OUT
  40:Core/Src/gpio.c ****         * EXTI
  41:Core/Src/gpio.c **** */
  42:Core/Src/gpio.c **** void MX_GPIO_Init(void)
  43:Core/Src/gpio.c **** {
  27              		.loc 1 43 1 view -0
  28              		.cfi_startproc
  29              		@ args = 0, pretend = 0, frame = 32
  30              		@ frame_needed = 0, uses_anonymous_args = 0
  31 0000 30B5     		push	{r4, r5, lr}
  32              	.LCFI0:
  33              		.cfi_def_cfa_offset 12
  34              		.cfi_offset 4, -12
  35              		.cfi_offset 5, -8
  36              		.cfi_offset 14, -4
  37 0002 89B0     		sub	sp, sp, #36
  38              	.LCFI1:
  39              		.cfi_def_cfa_offset 48
  44:Core/Src/gpio.c **** 
  45:Core/Src/gpio.c ****   GPIO_InitTypeDef GPIO_InitStruct = {0};
  40              		.loc 1 45 3 view .LVU1
  41              		.loc 1 45 20 is_stmt 0 view .LVU2
  42 0004 0024     		movs	r4, #0
  43 0006 0494     		str	r4, [sp, #16]
  44 0008 0594     		str	r4, [sp, #20]
  45 000a 0694     		str	r4, [sp, #24]
  46 000c 0794     		str	r4, [sp, #28]
  46:Core/Src/gpio.c **** 
  47:Core/Src/gpio.c ****   /* GPIO Ports Clock Enable */
  48:Core/Src/gpio.c ****   __HAL_RCC_GPIOC_CLK_ENABLE();
  47              		.loc 1 48 3 is_stmt 1 view .LVU3
  48              	.LBB2:
  49              		.loc 1 48 3 view .LVU4
  50              		.loc 1 48 3 view .LVU5
  51 000e 184B     		ldr	r3, .L3
  52 0010 9A69     		ldr	r2, [r3, #24]
  53 0012 42F01002 		orr	r2, r2, #16
  54 0016 9A61     		str	r2, [r3, #24]
  55              		.loc 1 48 3 view .LVU6
  56 0018 9A69     		ldr	r2, [r3, #24]
  57 001a 02F01002 		and	r2, r2, #16
  58 001e 0192     		str	r2, [sp, #4]
  59              		.loc 1 48 3 view .LVU7
  60 0020 019A     		ldr	r2, [sp, #4]
  61              	.LBE2:
  62              		.loc 1 48 3 view .LVU8
  49:Core/Src/gpio.c ****   __HAL_RCC_GPIOD_CLK_ENABLE();
  63              		.loc 1 49 3 view .LVU9
  64              	.LBB3:
  65              		.loc 1 49 3 view .LVU10
  66              		.loc 1 49 3 view .LVU11
ARM GAS  /tmp/ccZ3R2ay.s 			page 3


  67 0022 9A69     		ldr	r2, [r3, #24]
  68 0024 42F02002 		orr	r2, r2, #32
  69 0028 9A61     		str	r2, [r3, #24]
  70              		.loc 1 49 3 view .LVU12
  71 002a 9A69     		ldr	r2, [r3, #24]
  72 002c 02F02002 		and	r2, r2, #32
  73 0030 0292     		str	r2, [sp, #8]
  74              		.loc 1 49 3 view .LVU13
  75 0032 029A     		ldr	r2, [sp, #8]
  76              	.LBE3:
  77              		.loc 1 49 3 view .LVU14
  50:Core/Src/gpio.c ****   __HAL_RCC_GPIOA_CLK_ENABLE();
  78              		.loc 1 50 3 view .LVU15
  79              	.LBB4:
  80              		.loc 1 50 3 view .LVU16
  81              		.loc 1 50 3 view .LVU17
  82 0034 9A69     		ldr	r2, [r3, #24]
  83 0036 42F00402 		orr	r2, r2, #4
  84 003a 9A61     		str	r2, [r3, #24]
  85              		.loc 1 50 3 view .LVU18
  86 003c 9B69     		ldr	r3, [r3, #24]
  87 003e 03F00403 		and	r3, r3, #4
  88 0042 0393     		str	r3, [sp, #12]
  89              		.loc 1 50 3 view .LVU19
  90 0044 039B     		ldr	r3, [sp, #12]
  91              	.LBE4:
  92              		.loc 1 50 3 view .LVU20
  51:Core/Src/gpio.c **** 
  52:Core/Src/gpio.c ****   /*Configure GPIO pin Output Level */
  53:Core/Src/gpio.c ****   HAL_GPIO_WritePin(GPIOC, GPIO_PIN_13, GPIO_PIN_SET);
  93              		.loc 1 53 3 view .LVU21
  94 0046 0B4D     		ldr	r5, .L3+4
  95 0048 0122     		movs	r2, #1
  96 004a 4FF40051 		mov	r1, #8192
  97 004e 2846     		mov	r0, r5
  98 0050 FFF7FEFF 		bl	HAL_GPIO_WritePin
  99              	.LVL0:
  54:Core/Src/gpio.c **** 
  55:Core/Src/gpio.c ****   /*Configure GPIO pin : PC13 */
  56:Core/Src/gpio.c ****   GPIO_InitStruct.Pin = GPIO_PIN_13;
 100              		.loc 1 56 3 view .LVU22
 101              		.loc 1 56 23 is_stmt 0 view .LVU23
 102 0054 4FF40053 		mov	r3, #8192
 103 0058 0493     		str	r3, [sp, #16]
  57:Core/Src/gpio.c ****   GPIO_InitStruct.Mode = GPIO_MODE_OUTPUT_PP;
 104              		.loc 1 57 3 is_stmt 1 view .LVU24
 105              		.loc 1 57 24 is_stmt 0 view .LVU25
 106 005a 0123     		movs	r3, #1
 107 005c 0593     		str	r3, [sp, #20]
  58:Core/Src/gpio.c ****   GPIO_InitStruct.Pull = GPIO_NOPULL;
 108              		.loc 1 58 3 is_stmt 1 view .LVU26
 109              		.loc 1 58 24 is_stmt 0 view .LVU27
 110 005e 0694     		str	r4, [sp, #24]
  59:Core/Src/gpio.c ****   GPIO_InitStruct.Speed = GPIO_SPEED_FREQ_LOW;
 111              		.loc 1 59 3 is_stmt 1 view .LVU28
 112              		.loc 1 59 25 is_stmt 0 view .LVU29
 113 0060 0223     		movs	r3, #2
ARM GAS  /tmp/ccZ3R2ay.s 			page 4


 114 0062 0793     		str	r3, [sp, #28]
  60:Core/Src/gpio.c ****   HAL_GPIO_Init(GPIOC, &GPIO_InitStruct);
 115              		.loc 1 60 3 is_stmt 1 view .LVU30
 116 0064 04A9     		add	r1, sp, #16
 117 0066 2846     		mov	r0, r5
 118 0068 FFF7FEFF 		bl	HAL_GPIO_Init
 119              	.LVL1:
  61:Core/Src/gpio.c **** 
  62:Core/Src/gpio.c **** }
 120              		.loc 1 62 1 is_stmt 0 view .LVU31
 121 006c 09B0     		add	sp, sp, #36
 122              	.LCFI2:
 123              		.cfi_def_cfa_offset 12
 124              		@ sp needed
 125 006e 30BD     		pop	{r4, r5, pc}
 126              	.L4:
 127              		.align	2
 128              	.L3:
 129 0070 00100240 		.word	1073876992
 130 0074 00100140 		.word	1073811456
 131              		.cfi_endproc
 132              	.LFE65:
 134              		.section	.text.blink,"ax",%progbits
 135              		.align	1
 136              		.global	blink
 137              		.syntax unified
 138              		.thumb
 139              		.thumb_func
 140              		.fpu softvfp
 142              	blink:
 143              	.LFB66:
  63:Core/Src/gpio.c **** 
  64:Core/Src/gpio.c **** /* USER CODE BEGIN 2 */
  65:Core/Src/gpio.c **** void blink() {
 144              		.loc 1 65 14 is_stmt 1 view -0
 145              		.cfi_startproc
 146              		@ args = 0, pretend = 0, frame = 0
 147              		@ frame_needed = 0, uses_anonymous_args = 0
 148 0000 10B5     		push	{r4, lr}
 149              	.LCFI3:
 150              		.cfi_def_cfa_offset 8
 151              		.cfi_offset 4, -8
 152              		.cfi_offset 14, -4
  66:Core/Src/gpio.c ****   HAL_GPIO_WritePin(GPIOC, GPIO_PIN_13, GPIO_PIN_RESET); // on
 153              		.loc 1 66 3 view .LVU33
 154 0002 0A4C     		ldr	r4, .L7
 155 0004 0022     		movs	r2, #0
 156 0006 4FF40051 		mov	r1, #8192
 157 000a 2046     		mov	r0, r4
 158 000c FFF7FEFF 		bl	HAL_GPIO_WritePin
 159              	.LVL2:
  67:Core/Src/gpio.c ****   HAL_Delay(100);
 160              		.loc 1 67 3 view .LVU34
 161 0010 6420     		movs	r0, #100
 162 0012 FFF7FEFF 		bl	HAL_Delay
 163              	.LVL3:
  68:Core/Src/gpio.c ****   HAL_GPIO_WritePin(GPIOC, GPIO_PIN_13, GPIO_PIN_SET); // off
ARM GAS  /tmp/ccZ3R2ay.s 			page 5


 164              		.loc 1 68 3 view .LVU35
 165 0016 0122     		movs	r2, #1
 166 0018 4FF40051 		mov	r1, #8192
 167 001c 2046     		mov	r0, r4
 168 001e FFF7FEFF 		bl	HAL_GPIO_WritePin
 169              	.LVL4:
  69:Core/Src/gpio.c ****   HAL_Delay(50);
 170              		.loc 1 69 3 view .LVU36
 171 0022 3220     		movs	r0, #50
 172 0024 FFF7FEFF 		bl	HAL_Delay
 173              	.LVL5:
  70:Core/Src/gpio.c **** }
 174              		.loc 1 70 1 is_stmt 0 view .LVU37
 175 0028 10BD     		pop	{r4, pc}
 176              	.L8:
 177 002a 00BF     		.align	2
 178              	.L7:
 179 002c 00100140 		.word	1073811456
 180              		.cfi_endproc
 181              	.LFE66:
 183              		.section	.text.doubleBlink,"ax",%progbits
 184              		.align	1
 185              		.global	doubleBlink
 186              		.syntax unified
 187              		.thumb
 188              		.thumb_func
 189              		.fpu softvfp
 191              	doubleBlink:
 192              	.LFB67:
  71:Core/Src/gpio.c **** 
  72:Core/Src/gpio.c **** void doubleBlink() {
 193              		.loc 1 72 20 is_stmt 1 view -0
 194              		.cfi_startproc
 195              		@ args = 0, pretend = 0, frame = 0
 196              		@ frame_needed = 0, uses_anonymous_args = 0
 197 0000 10B5     		push	{r4, lr}
 198              	.LCFI4:
 199              		.cfi_def_cfa_offset 8
 200              		.cfi_offset 4, -8
 201              		.cfi_offset 14, -4
  73:Core/Src/gpio.c ****   HAL_GPIO_WritePin(GPIOC, GPIO_PIN_13, GPIO_PIN_RESET); // on
 202              		.loc 1 73 3 view .LVU39
 203 0002 134C     		ldr	r4, .L11
 204 0004 0022     		movs	r2, #0
 205 0006 4FF40051 		mov	r1, #8192
 206 000a 2046     		mov	r0, r4
 207 000c FFF7FEFF 		bl	HAL_GPIO_WritePin
 208              	.LVL6:
  74:Core/Src/gpio.c ****   HAL_Delay(100);
 209              		.loc 1 74 3 view .LVU40
 210 0010 6420     		movs	r0, #100
 211 0012 FFF7FEFF 		bl	HAL_Delay
 212              	.LVL7:
  75:Core/Src/gpio.c ****   HAL_GPIO_WritePin(GPIOC, GPIO_PIN_13, GPIO_PIN_SET); // off
 213              		.loc 1 75 3 view .LVU41
 214 0016 0122     		movs	r2, #1
 215 0018 4FF40051 		mov	r1, #8192
ARM GAS  /tmp/ccZ3R2ay.s 			page 6


 216 001c 2046     		mov	r0, r4
 217 001e FFF7FEFF 		bl	HAL_GPIO_WritePin
 218              	.LVL8:
  76:Core/Src/gpio.c ****   HAL_Delay(100);
 219              		.loc 1 76 3 view .LVU42
 220 0022 6420     		movs	r0, #100
 221 0024 FFF7FEFF 		bl	HAL_Delay
 222              	.LVL9:
  77:Core/Src/gpio.c ****   HAL_GPIO_WritePin(GPIOC, GPIO_PIN_13, GPIO_PIN_RESET); // on
 223              		.loc 1 77 3 view .LVU43
 224 0028 0022     		movs	r2, #0
 225 002a 4FF40051 		mov	r1, #8192
 226 002e 2046     		mov	r0, r4
 227 0030 FFF7FEFF 		bl	HAL_GPIO_WritePin
 228              	.LVL10:
  78:Core/Src/gpio.c ****   HAL_Delay(100);
 229              		.loc 1 78 3 view .LVU44
 230 0034 6420     		movs	r0, #100
 231 0036 FFF7FEFF 		bl	HAL_Delay
 232              	.LVL11:
  79:Core/Src/gpio.c ****   HAL_GPIO_WritePin(GPIOC, GPIO_PIN_13, GPIO_PIN_SET); // off
 233              		.loc 1 79 3 view .LVU45
 234 003a 0122     		movs	r2, #1
 235 003c 4FF40051 		mov	r1, #8192
 236 0040 2046     		mov	r0, r4
 237 0042 FFF7FEFF 		bl	HAL_GPIO_WritePin
 238              	.LVL12:
  80:Core/Src/gpio.c ****   HAL_Delay(50);
 239              		.loc 1 80 3 view .LVU46
 240 0046 3220     		movs	r0, #50
 241 0048 FFF7FEFF 		bl	HAL_Delay
 242              	.LVL13:
  81:Core/Src/gpio.c **** }
 243              		.loc 1 81 1 is_stmt 0 view .LVU47
 244 004c 10BD     		pop	{r4, pc}
 245              	.L12:
 246 004e 00BF     		.align	2
 247              	.L11:
 248 0050 00100140 		.word	1073811456
 249              		.cfi_endproc
 250              	.LFE67:
 252              		.text
 253              	.Letext0:
 254              		.file 2 "/usr/lib/gcc/arm-none-eabi/9.2.1/include/stdint.h"
 255              		.file 3 "Drivers/CMSIS/Include/core_cm3.h"
 256              		.file 4 "Drivers/CMSIS/Device/ST/STM32F1xx/Include/system_stm32f1xx.h"
 257              		.file 5 "Drivers/CMSIS/Device/ST/STM32F1xx/Include/stm32f103xb.h"
 258              		.file 6 "Drivers/STM32F1xx_HAL_Driver/Inc/stm32f1xx_hal_gpio.h"
 259              		.file 7 "Drivers/STM32F1xx_HAL_Driver/Inc/stm32f1xx_hal.h"
ARM GAS  /tmp/ccZ3R2ay.s 			page 7


DEFINED SYMBOLS
                            *ABS*:0000000000000000 gpio.c
     /tmp/ccZ3R2ay.s:16     .text.MX_GPIO_Init:0000000000000000 $t
     /tmp/ccZ3R2ay.s:24     .text.MX_GPIO_Init:0000000000000000 MX_GPIO_Init
     /tmp/ccZ3R2ay.s:129    .text.MX_GPIO_Init:0000000000000070 $d
     /tmp/ccZ3R2ay.s:135    .text.blink:0000000000000000 $t
     /tmp/ccZ3R2ay.s:142    .text.blink:0000000000000000 blink
     /tmp/ccZ3R2ay.s:179    .text.blink:000000000000002c $d
     /tmp/ccZ3R2ay.s:184    .text.doubleBlink:0000000000000000 $t
     /tmp/ccZ3R2ay.s:191    .text.doubleBlink:0000000000000000 doubleBlink
     /tmp/ccZ3R2ay.s:248    .text.doubleBlink:0000000000000050 $d

UNDEFINED SYMBOLS
HAL_GPIO_WritePin
HAL_GPIO_Init
HAL_Delay
